<?xml version="1.0" encoding="UTF-8"?>
<!-- Generated by org.testng.reporters.JUnitReportReporter -->
<testsuite hostname="Senior" failures="0" tests="1" name="qualityengineer.Appium.Appium_Basics" time="17.831" errors="0" timestamp="2024-01-28T15:38:01 EET" skipped="0">
  <testcase classname="qualityengineer.Appium.Appium_Basics" name="WifiSettingName" time="17.831"/>
</testsuite> <!-- qualityengineer.Appium.Appium_Basics -->
